2015/08/09 13:15:12 inotify.go:29: inotify_add_watch /tmp/test.log: no such file or directory
2015/08/09 13:16:12 inotify.go:35: 2048 /tmp/test.log 0
2015/08/09 13:16:12 inotify.go:36: event: "/tmp/test.log": 0x800 == IN_MOVE_SELF
2015/08/09 13:40:05 inotify.go:30: inotify_add_watch /tmp/test.log: no such file or directory
2015/08/09 13:45:34 inotify.go:38: IN_MOVE_SELF
2015/08/09 13:45:34 inotify.go:41: 2048 /tmp/test.log 0
2015/08/09 13:45:34 inotify.go:42: event: "/tmp/test.log": 0x800 == IN_MOVE_SELF
2015/08/09 13:45:38 inotify.go:38: IN_MOVE_SELF
2015/08/09 13:45:38 inotify.go:41: 2048 /tmp/test.log 0
2015/08/09 13:45:38 inotify.go:42: event: "/tmp/test.log": 0x800 == IN_MOVE_SELF
2015/08/09 14:20:54 inotify.go:28: stream_name:  test.log
2015/08/09 14:25:32 inotify.go:28: stream_name:  test
2015/08/12 14:47:37 inotify.go:28: stream_name:  test
2015/08/12 14:47:37 inotify.go:36: inotify_add_watch /tmp/test.log: no such file or directory
2015/08/17 21:46:14 inotify.go:28: stream_name:  test
2015/08/17 21:46:14 inotify.go:36: inotify_add_watch /tmp/test.log: no such file or directory
2015/08/17 21:47:14 inotify.go:28: stream_name:  test
2015/08/17 21:47:14 inotify.go:36: inotify_add_watch /tmp/test.log: no such file or directory
2015/08/17 21:48:40 inotify.go:28: stream_name:  test
2015/08/17 21:48:40 inotify.go:36: inotify_add_watch /tmp/test.log: no such file or directory
2015/08/17 21:49:14 inotify.go:28: stream_name:  test
2015/08/17 21:49:14 inotify.go:36: inotify_add_watch /tmp/test.log: no such file or directory
2015/08/17 21:49:17 inotify.go:28: stream_name:  test
2015/08/17 21:49:17 inotify.go:36: inotify_add_watch /tmp/test.log: no such file or directory
2015/08/17 21:49:55 inotify.go:28: stream_name:  test
2015/08/17 21:50:40 inotify.go:53: modify
2015/08/17 21:50:40 inotify.go:57: event: "/tmp/test.log": 0x2 == IN_MODIFY
2015/08/17 21:50:40 inotify.go:57: event: "/tmp/test.log": 0x20 == IN_OPEN
2015/08/17 21:50:40 inotify.go:53: modify
2015/08/17 21:50:40 inotify.go:57: event: "/tmp/test.log": 0x2 == IN_MODIFY
2015/08/17 21:50:40 inotify.go:57: event: "/tmp/test.log": 0x8 == IN_CLOSE_WRITE
2015/08/17 21:50:54 inotify.go:53: modify
2015/08/17 21:50:54 inotify.go:57: event: "/tmp/test.log": 0x2 == IN_MODIFY
2015/08/17 21:50:54 inotify.go:57: event: "/tmp/test.log": 0x20 == IN_OPEN
2015/08/17 21:50:54 inotify.go:53: modify
2015/08/17 21:50:54 inotify.go:57: event: "/tmp/test.log": 0x2 == IN_MODIFY
2015/08/17 21:50:54 inotify.go:57: event: "/tmp/test.log": 0x8 == IN_CLOSE_WRITE
2015/08/17 21:51:05 inotify.go:53: modify
2015/08/17 21:51:05 inotify.go:57: event: "/tmp/test.log": 0x2 == IN_MODIFY
2015/08/17 21:51:05 inotify.go:57: event: "/tmp/test.log": 0x20 == IN_OPEN
2015/08/17 21:51:05 inotify.go:53: modify
2015/08/17 21:51:05 inotify.go:57: event: "/tmp/test.log": 0x2 == IN_MODIFY
2015/08/17 21:51:05 inotify.go:57: event: "/tmp/test.log": 0x8 == IN_CLOSE_WRITE
2015/08/17 21:51:27 inotify.go:44: rename
2015/08/17 21:51:27 inotify.go:57: event: "/tmp/test.log": 0x800 == IN_MOVE_SELF
2015/08/17 21:55:26 inotify.go:28: stream_name:  test
2015/08/17 21:55:26 inotify.go:36: inotify_add_watch /tmp/test.log: no such file or directory
2015/08/17 21:55:35 inotify.go:28: stream_name:  test
2015/08/17 21:55:35 inotify.go:36: inotify_add_watch /tmp/test.log: no such file or directory
2015/08/17 21:55:49 inotify.go:28: stream_name:  test
2015/08/17 21:55:49 inotify.go:36: inotify_add_watch /tmp/test.log: no such file or directory
2015/08/18 12:39:33 inotify.go:28: stream_name:  test
2015/08/18 12:39:33 inotify.go:36: inotify_add_watch /tmp/test.log: no such file or directory
2015/08/18 12:40:40 inotify.go:28: stream_name:  test
2015/08/18 12:41:20 inotify.go:52: rename
2015/08/18 12:41:20 inotify.go:65: event: "/home/wanghe/test.log": 0x800 == IN_MOVE_SELF
2015/08/18 12:41:33 inotify.go:52: rename
2015/08/18 12:41:33 inotify.go:65: event: "/home/wanghe/test.log": 0x800 == IN_MOVE_SELF
2015/08/18 12:41:40 inotify.go:65: event: "/home/wanghe/test.log": 0x4 == IN_ATTRIB
2015/08/18 12:42:15 inotify.go:65: event: "/home/wanghe/test.log": 0x4 == IN_ATTRIB
2015/08/19 18:06:08 inotify.go:28: stream_name:  test
2015/08/19 18:07:23 inotify.go:28: stream_name:  test
2015/08/19 18:21:30 inotify.go:28: stream_name:  test
